[21-May-2026 06:47:30 UTC] My Learning Plugin initialized
[21-May-2026 06:47:47 UTC] My Learning Plugin initialized
[21-May-2026 06:49:31 UTC] My Learning Plugin initialized
[21-May-2026 06:50:40 UTC] My Learning Plugin initialized
[21-May-2026 06:50:49 UTC] PHP Warning:  mysqli_real_connect(): (HY000/2002): No such file or directory in /Users/panktishah/Local Sites/firstwpsite/app/public/wp-includes/class-wpdb.php on line 1988
[21-May-2026 06:51:32 UTC] My Learning Plugin initialized
[21-May-2026 06:53:12 UTC] My Learning Plugin initialized
[21-May-2026 06:53:29 UTC] My Learning Plugin initialized
[21-May-2026 06:53:29 UTC] My Learning Plugin initialized
[21-May-2026 06:53:35 UTC] My Learning Plugin initialized
[21-May-2026 06:53:35 UTC] My Learning Plugin initialized
[21-May-2026 06:54:36 UTC] My Learning Plugin initialized
[21-May-2026 06:56:36 UTC] My Learning Plugin initialized
[21-May-2026 06:58:37 UTC] My Learning Plugin initialized
[21-May-2026 06:59:38 UTC] My Learning Plugin initialized
[21-May-2026 07:01:39 UTC] My Learning Plugin initialized
[21-May-2026 07:03:40 UTC] My Learning Plugin initialized
[21-May-2026 07:05:41 UTC] My Learning Plugin initialized
[21-May-2026 07:07:42 UTC] My Learning Plugin initialized
[26-May-2026 05:59:44 UTC] My Learning Plugin initialized
[26-May-2026 05:59:44 UTC] My Learning Plugin initialized
[26-May-2026 05:59:44 UTC] My Learning Plugin initialized
[26-May-2026 05:59:45 UTC] My Learning Plugin initialized
[26-May-2026 05:59:46 UTC] Automatic updates starting...
[26-May-2026 05:59:48 UTC]   Automatic theme updates starting...
[26-May-2026 05:59:48 UTC]   Automatic theme updates complete.
[26-May-2026 05:59:48 UTC] Automatic updates complete.
[26-May-2026 06:00:44 UTC] My Learning Plugin initialized
[26-May-2026 06:02:45 UTC] My Learning Plugin initialized
[26-May-2026 06:04:46 UTC] My Learning Plugin initialized
[26-May-2026 06:06:48 UTC] My Learning Plugin initialized
[26-May-2026 06:08:49 UTC] My Learning Plugin initialized
[26-May-2026 09:28:53 UTC] My Learning Plugin initialized
[26-May-2026 09:28:53 UTC] My Learning Plugin initialized
[26-May-2026 09:28:53 UTC] My Learning Plugin initialized
[26-May-2026 09:28:57 UTC] My Learning Plugin initialized
[26-May-2026 09:29:03 UTC] My Learning Plugin initialized
[26-May-2026 09:29:12 UTC] My Learning Plugin initialized
[26-May-2026 09:29:15 UTC] My Learning Plugin initialized
[26-May-2026 09:29:16 UTC] My Learning Plugin initialized
[26-May-2026 09:29:19 UTC] My Learning Plugin initialized
[26-May-2026 09:29:19 UTC] My Learning Plugin initialized
[26-May-2026 09:29:19 UTC] My Learning Plugin initialized
[26-May-2026 09:29:22 UTC] My Learning Plugin initialized
[26-May-2026 09:29:22 UTC] My Learning Plugin initialized
[26-May-2026 09:29:23 UTC] My Learning Plugin initialized
[26-May-2026 09:29:33 UTC] My Learning Plugin initialized
[26-May-2026 09:29:40 UTC] My Learning Plugin initialized
[26-May-2026 09:29:41 UTC] My Learning Plugin initialized
[26-May-2026 09:29:43 UTC] My Learning Plugin initialized
[26-May-2026 09:29:43 UTC] My Learning Plugin initialized
[26-May-2026 09:30:43 UTC] My Learning Plugin initialized
[26-May-2026 09:31:20 UTC] My Learning Plugin initialized
[26-May-2026 09:31:20 UTC] My Learning Plugin initialized
[26-May-2026 09:31:20 UTC] My Learning Plugin initialized
[26-May-2026 09:31:36 UTC] My Learning Plugin initialized
[26-May-2026 09:32:11 UTC] My Learning Plugin initialized
[26-May-2026 09:32:11 UTC] My Learning Plugin initialized
[26-May-2026 09:32:11 UTC] My Learning Plugin initialized
[26-May-2026 09:32:12 UTC] My Learning Plugin initialized
[26-May-2026 09:32:12 UTC] My Learning Plugin initialized
[26-May-2026 09:32:12 UTC] My Learning Plugin initialized
[26-May-2026 09:32:13 UTC] My Learning Plugin initialized
[26-May-2026 09:32:13 UTC] My Learning Plugin initialized
[26-May-2026 09:32:13 UTC] My Learning Plugin initialized
[26-May-2026 09:32:13 UTC] My Learning Plugin initialized
[26-May-2026 09:32:13 UTC] My Learning Plugin initialized
[26-May-2026 09:32:13 UTC] My Learning Plugin initialized
[26-May-2026 09:32:13 UTC] My Learning Plugin initialized
[26-May-2026 09:32:17 UTC] My Learning Plugin initialized
[26-May-2026 09:32:22 UTC] My Learning Plugin initialized
[26-May-2026 09:32:32 UTC] My Learning Plugin initialized
[26-May-2026 09:32:43 UTC] My Learning Plugin initialized
[26-May-2026 09:33:10 UTC] My Learning Plugin initialized
[26-May-2026 09:33:11 UTC] My Learning Plugin initialized
[26-May-2026 09:33:13 UTC] My Learning Plugin initialized
[26-May-2026 09:33:20 UTC] My Learning Plugin initialized
[26-May-2026 09:33:31 UTC] My Learning Plugin initialized
[26-May-2026 09:33:41 UTC] My Learning Plugin initialized
[26-May-2026 09:33:51 UTC] My Learning Plugin initialized
[26-May-2026 09:34:01 UTC] My Learning Plugin initialized
[26-May-2026 09:34:11 UTC] My Learning Plugin initialized
[26-May-2026 09:34:13 UTC] My Learning Plugin initialized
[26-May-2026 09:34:21 UTC] My Learning Plugin initialized
[26-May-2026 09:34:31 UTC] My Learning Plugin initialized
[26-May-2026 09:34:41 UTC] My Learning Plugin initialized
[26-May-2026 09:34:51 UTC] My Learning Plugin initialized
[26-May-2026 09:34:54 UTC] My Learning Plugin initialized
[26-May-2026 09:34:56 UTC] My Learning Plugin initialized
[26-May-2026 09:34:56 UTC] My Learning Plugin initialized
[26-May-2026 09:34:56 UTC] My Learning Plugin initialized
[26-May-2026 09:34:56 UTC] My Learning Plugin initialized
[26-May-2026 09:35:01 UTC] My Learning Plugin initialized
[26-May-2026 09:35:06 UTC] My Learning Plugin initialized
[26-May-2026 09:35:12 UTC] My Learning Plugin initialized
[26-May-2026 09:36:12 UTC] My Learning Plugin initialized
[26-May-2026 09:36:14 UTC] My Learning Plugin initialized
[26-May-2026 09:36:14 UTC] My Learning Plugin initialized
[26-May-2026 09:36:14 UTC] My Learning Plugin initialized
[26-May-2026 09:36:24 UTC] My Learning Plugin initialized
[26-May-2026 09:36:25 UTC] My Learning Plugin initialized
[26-May-2026 09:36:25 UTC] My Learning Plugin initialized
[26-May-2026 09:36:26 UTC] My Learning Plugin initialized
[26-May-2026 09:36:26 UTC] My Learning Plugin initialized
[26-May-2026 09:36:27 UTC] My Learning Plugin initialized
[26-May-2026 09:36:28 UTC] My Learning Plugin initialized
[26-May-2026 09:36:28 UTC] My Learning Plugin initialized
[26-May-2026 09:36:28 UTC] My Learning Plugin initialized
[26-May-2026 09:36:28 UTC] My Learning Plugin initialized
[26-May-2026 09:36:28 UTC] My Learning Plugin initialized
[26-May-2026 09:36:34 UTC] My Learning Plugin initialized
[26-May-2026 09:36:38 UTC] My Learning Plugin initialized
[26-May-2026 09:36:47 UTC] My Learning Plugin initialized
[26-May-2026 09:36:47 UTC] My Learning Plugin initialized
[26-May-2026 09:36:47 UTC] My Learning Plugin initialized
[26-May-2026 09:36:48 UTC] My Learning Plugin initialized
[26-May-2026 09:36:56 UTC] My Learning Plugin initialized
[26-May-2026 09:36:57 UTC] My Learning Plugin initialized
[26-May-2026 09:36:57 UTC] My Learning Plugin initialized
[26-May-2026 09:36:58 UTC] My Learning Plugin initialized
[26-May-2026 09:37:00 UTC] My Learning Plugin initialized
[26-May-2026 09:37:08 UTC] My Learning Plugin initialized
[26-May-2026 09:37:18 UTC] My Learning Plugin initialized
[26-May-2026 09:37:28 UTC] My Learning Plugin initialized
[26-May-2026 09:37:28 UTC] My Learning Plugin initialized
[26-May-2026 09:37:28 UTC] My Learning Plugin initialized
[26-May-2026 09:37:28 UTC] My Learning Plugin initialized
[26-May-2026 09:37:28 UTC] My Learning Plugin initialized
[26-May-2026 09:37:31 UTC] My Learning Plugin initialized
[26-May-2026 09:37:31 UTC] My Learning Plugin initialized
[26-May-2026 09:37:31 UTC] My Learning Plugin initialized
[26-May-2026 09:37:37 UTC] My Learning Plugin initialized
[26-May-2026 09:37:42 UTC] My Learning Plugin initialized
[26-May-2026 09:38:29 UTC] My Learning Plugin initialized
[26-May-2026 09:38:39 UTC] My Learning Plugin initialized
[26-May-2026 09:38:42 UTC] My Learning Plugin initialized
[26-May-2026 09:38:48 UTC] My Learning Plugin initialized
[26-May-2026 09:38:48 UTC] My Learning Plugin initialized
[26-May-2026 09:38:49 UTC] My Learning Plugin initialized
[26-May-2026 09:38:53 UTC] My Learning Plugin initialized
[26-May-2026 09:38:54 UTC] My Learning Plugin initialized
[26-May-2026 09:38:54 UTC] My Learning Plugin initialized
[26-May-2026 09:38:54 UTC] My Learning Plugin initialized
[26-May-2026 09:38:54 UTC] My Learning Plugin initialized
[26-May-2026 09:38:54 UTC] My Learning Plugin initialized
[26-May-2026 09:39:04 UTC] My Learning Plugin initialized
[26-May-2026 09:39:14 UTC] My Learning Plugin initialized
[26-May-2026 09:39:48 UTC] My Learning Plugin initialized
[26-May-2026 09:39:51 UTC] My Learning Plugin initialized
[26-May-2026 09:39:51 UTC] My Learning Plugin initialized
[26-May-2026 09:39:51 UTC] My Learning Plugin initialized
[26-May-2026 09:39:54 UTC] My Learning Plugin initialized
[26-May-2026 09:39:54 UTC] My Learning Plugin initialized
[26-May-2026 09:40:04 UTC] My Learning Plugin initialized
[26-May-2026 09:40:05 UTC] My Learning Plugin initialized
[26-May-2026 09:40:05 UTC] My Learning Plugin initialized
[26-May-2026 09:40:05 UTC] My Learning Plugin initialized
[26-May-2026 09:40:05 UTC] My Learning Plugin initialized
[26-May-2026 09:40:05 UTC] My Learning Plugin initialized
[26-May-2026 09:40:05 UTC] My Learning Plugin initialized
[26-May-2026 09:40:05 UTC] My Learning Plugin initialized
[26-May-2026 09:40:05 UTC] My Learning Plugin initialized
[26-May-2026 09:40:05 UTC] My Learning Plugin initialized
[26-May-2026 09:40:06 UTC] My Learning Plugin initialized
[26-May-2026 09:40:06 UTC] My Learning Plugin initialized
[26-May-2026 09:40:06 UTC] My Learning Plugin initialized
[26-May-2026 09:40:06 UTC] My Learning Plugin initialized
[26-May-2026 09:40:06 UTC] My Learning Plugin initialized
[26-May-2026 09:40:06 UTC] My Learning Plugin initialized
[26-May-2026 09:40:06 UTC] My Learning Plugin initialized
[26-May-2026 09:40:06 UTC] My Learning Plugin initialized
[26-May-2026 09:40:06 UTC] My Learning Plugin initialized
[26-May-2026 09:40:15 UTC] My Learning Plugin initialized
[26-May-2026 09:40:22 UTC] My Learning Plugin initialized
[26-May-2026 09:40:25 UTC] My Learning Plugin initialized
[26-May-2026 09:40:35 UTC] My Learning Plugin initialized
[26-May-2026 09:40:45 UTC] My Learning Plugin initialized
[26-May-2026 09:40:53 UTC] My Learning Plugin initialized
[26-May-2026 09:40:54 UTC] My Learning Plugin initialized
[26-May-2026 09:40:55 UTC] My Learning Plugin initialized
[26-May-2026 09:40:56 UTC] My Learning Plugin initialized
[26-May-2026 09:40:56 UTC] My Learning Plugin initialized
[26-May-2026 09:41:02 UTC] My Learning Plugin initialized
[26-May-2026 09:41:03 UTC] My Learning Plugin initialized
[26-May-2026 09:41:03 UTC] My Learning Plugin initialized
[26-May-2026 09:41:03 UTC] My Learning Plugin initialized
[26-May-2026 09:41:03 UTC] My Learning Plugin initialized
[26-May-2026 09:41:03 UTC] My Learning Plugin initialized
[26-May-2026 09:41:03 UTC] My Learning Plugin initialized
[26-May-2026 09:41:03 UTC] My Learning Plugin initialized
[26-May-2026 09:41:03 UTC] My Learning Plugin initialized
[26-May-2026 09:41:03 UTC] My Learning Plugin initialized
[26-May-2026 09:41:03 UTC] My Learning Plugin initialized
[26-May-2026 09:41:03 UTC] My Learning Plugin initialized
[26-May-2026 09:41:03 UTC] My Learning Plugin initialized
[26-May-2026 09:41:03 UTC] My Learning Plugin initialized
[26-May-2026 09:41:03 UTC] My Learning Plugin initialized
[26-May-2026 09:41:03 UTC] My Learning Plugin initialized
[26-May-2026 09:41:03 UTC] My Learning Plugin initialized
[26-May-2026 09:41:03 UTC] My Learning Plugin initialized
[26-May-2026 09:41:06 UTC] My Learning Plugin initialized
[26-May-2026 09:41:13 UTC] My Learning Plugin initialized
[26-May-2026 09:41:23 UTC] My Learning Plugin initialized
[26-May-2026 09:42:03 UTC] My Learning Plugin initialized
[26-May-2026 09:42:04 UTC] My Learning Plugin initialized
[26-May-2026 09:42:14 UTC] My Learning Plugin initialized
[26-May-2026 09:42:20 UTC] My Learning Plugin initialized
[26-May-2026 09:42:24 UTC] My Learning Plugin initialized
[26-May-2026 09:42:27 UTC] My Learning Plugin initialized
[26-May-2026 09:42:27 UTC] My Learning Plugin initialized
[26-May-2026 09:42:32 UTC] My Learning Plugin initialized
[26-May-2026 09:42:35 UTC] My Learning Plugin initialized
[26-May-2026 09:43:20 UTC] My Learning Plugin initialized
[26-May-2026 09:43:28 UTC] My Learning Plugin initialized
[26-May-2026 09:43:28 UTC] My Learning Plugin initialized
[26-May-2026 09:43:29 UTC] My Learning Plugin initialized
[26-May-2026 09:43:35 UTC] My Learning Plugin initialized
[26-May-2026 09:43:35 UTC] My Learning Plugin initialized
[26-May-2026 09:43:35 UTC] My Learning Plugin initialized
[26-May-2026 09:43:45 UTC] My Learning Plugin initialized
[26-May-2026 09:43:55 UTC] My Learning Plugin initialized
[26-May-2026 09:44:05 UTC] My Learning Plugin initialized
[26-May-2026 09:44:24 UTC] My Learning Plugin initialized
[26-May-2026 09:44:34 UTC] My Learning Plugin initialized
[26-May-2026 09:44:44 UTC] My Learning Plugin initialized
[26-May-2026 09:44:54 UTC] My Learning Plugin initialized
[26-May-2026 09:45:04 UTC] My Learning Plugin initialized
[26-May-2026 09:45:14 UTC] My Learning Plugin initialized
[26-May-2026 09:45:14 UTC] My Learning Plugin initialized
[26-May-2026 09:45:16 UTC] My Learning Plugin initialized
[26-May-2026 09:45:17 UTC] My Learning Plugin initialized
[26-May-2026 09:45:17 UTC] My Learning Plugin initialized
[26-May-2026 09:45:17 UTC] My Learning Plugin initialized
[26-May-2026 09:45:17 UTC] My Learning Plugin initialized
[26-May-2026 09:45:17 UTC] My Learning Plugin initialized
[26-May-2026 09:45:17 UTC] My Learning Plugin initialized
[26-May-2026 09:45:26 UTC] My Learning Plugin initialized
[26-May-2026 09:45:27 UTC] My Learning Plugin initialized
[26-May-2026 09:45:28 UTC] My Learning Plugin initialized
[26-May-2026 09:45:28 UTC] My Learning Plugin initialized
[26-May-2026 09:45:28 UTC] My Learning Plugin initialized
[26-May-2026 09:45:28 UTC] My Learning Plugin initialized
[26-May-2026 09:45:28 UTC] My Learning Plugin initialized
[26-May-2026 09:45:28 UTC] My Learning Plugin initialized
[26-May-2026 09:45:28 UTC] My Learning Plugin initialized
[26-May-2026 09:45:29 UTC] My Learning Plugin initialized
[26-May-2026 09:45:29 UTC] My Learning Plugin initialized
[26-May-2026 09:45:29 UTC] My Learning Plugin initialized
[26-May-2026 09:45:29 UTC] My Learning Plugin initialized
[26-May-2026 09:45:29 UTC] My Learning Plugin initialized
[26-May-2026 09:45:29 UTC] My Learning Plugin initialized
[26-May-2026 09:45:29 UTC] My Learning Plugin initialized
[26-May-2026 09:45:29 UTC] My Learning Plugin initialized
[26-May-2026 09:45:29 UTC] My Learning Plugin initialized
[26-May-2026 09:45:29 UTC] My Learning Plugin initialized
[26-May-2026 09:45:30 UTC] My Learning Plugin initialized
[26-May-2026 09:45:36 UTC] My Learning Plugin initialized
[26-May-2026 09:45:36 UTC] My Learning Plugin initialized
[26-May-2026 09:45:37 UTC] My Learning Plugin initialized
[26-May-2026 09:45:41 UTC] My Learning Plugin initialized
[26-May-2026 09:45:41 UTC] My Learning Plugin initialized
[26-May-2026 09:45:41 UTC] My Learning Plugin initialized
[26-May-2026 09:45:41 UTC] My Learning Plugin initialized
[26-May-2026 09:45:41 UTC] My Learning Plugin initialized
[26-May-2026 09:45:41 UTC] My Learning Plugin initialized
[26-May-2026 09:45:41 UTC] My Learning Plugin initialized
[26-May-2026 09:45:52 UTC] My Learning Plugin initialized
[26-May-2026 09:46:07 UTC] My Learning Plugin initialized
[26-May-2026 09:46:12 UTC] My Learning Plugin initialized
[26-May-2026 09:46:17 UTC] My Learning Plugin initialized
[26-May-2026 09:46:22 UTC] My Learning Plugin initialized
[26-May-2026 09:46:22 UTC] My Learning Plugin initialized
[26-May-2026 09:46:22 UTC] My Learning Plugin initialized
[26-May-2026 09:46:25 UTC] My Learning Plugin initialized
[26-May-2026 09:46:25 UTC] My Learning Plugin initialized
[26-May-2026 09:46:25 UTC] My Learning Plugin initialized
[26-May-2026 09:46:25 UTC] My Learning Plugin initialized
[26-May-2026 09:46:25 UTC] My Learning Plugin initialized
[26-May-2026 09:46:25 UTC] My Learning Plugin initialized
[26-May-2026 09:46:25 UTC] My Learning Plugin initialized
[26-May-2026 09:46:27 UTC] My Learning Plugin initialized
[26-May-2026 09:46:35 UTC] My Learning Plugin initialized
[26-May-2026 09:46:45 UTC] My Learning Plugin initialized
[26-May-2026 09:46:55 UTC] My Learning Plugin initialized
[26-May-2026 09:47:05 UTC] My Learning Plugin initialized
[26-May-2026 09:47:15 UTC] My Learning Plugin initialized
[26-May-2026 09:47:17 UTC] My Learning Plugin initialized
[26-May-2026 09:47:21 UTC] My Learning Plugin initialized
[26-May-2026 09:47:26 UTC] My Learning Plugin initialized
[26-May-2026 09:47:32 UTC] My Learning Plugin initialized
[26-May-2026 09:47:32 UTC] My Learning Plugin initialized
[26-May-2026 09:47:36 UTC] My Learning Plugin initialized
[26-May-2026 09:49:09 UTC] My Learning Plugin initialized
[26-May-2026 09:49:11 UTC] My Learning Plugin initialized
[26-May-2026 09:49:11 UTC] My Learning Plugin initialized
[26-May-2026 09:49:11 UTC] My Learning Plugin initialized
[26-May-2026 09:49:15 UTC] My Learning Plugin initialized
[26-May-2026 09:49:15 UTC] My Learning Plugin initialized
[26-May-2026 09:49:17 UTC] My Learning Plugin initialized
[26-May-2026 09:49:17 UTC] My Learning Plugin initialized
[26-May-2026 09:49:17 UTC] My Learning Plugin initialized
[26-May-2026 09:49:17 UTC] My Learning Plugin initialized
[26-May-2026 09:49:17 UTC] My Learning Plugin initialized
[26-May-2026 09:49:18 UTC] My Learning Plugin initialized
[26-May-2026 09:49:18 UTC] My Learning Plugin initialized
[26-May-2026 09:49:18 UTC] My Learning Plugin initialized
[26-May-2026 09:49:25 UTC] My Learning Plugin initialized
[26-May-2026 09:49:25 UTC] My Learning Plugin initialized
[26-May-2026 09:49:25 UTC] My Learning Plugin initialized
[26-May-2026 09:49:30 UTC] My Learning Plugin initialized
[26-May-2026 09:49:36 UTC] My Learning Plugin initialized
[26-May-2026 09:49:40 UTC] My Learning Plugin initialized
[26-May-2026 09:50:05 UTC] My Learning Plugin initialized
[26-May-2026 09:50:07 UTC] My Learning Plugin initialized
[26-May-2026 09:50:07 UTC] My Learning Plugin initialized
[26-May-2026 09:50:10 UTC] My Learning Plugin initialized
[26-May-2026 09:50:11 UTC] My Learning Plugin initialized
[26-May-2026 09:50:11 UTC] My Learning Plugin initialized
[26-May-2026 09:50:11 UTC] My Learning Plugin initialized
[26-May-2026 09:50:11 UTC] My Learning Plugin initialized
[26-May-2026 09:50:11 UTC] My Learning Plugin initialized
[26-May-2026 09:50:11 UTC] My Learning Plugin initialized
[26-May-2026 09:50:12 UTC] My Learning Plugin initialized
[26-May-2026 09:50:21 UTC] My Learning Plugin initialized
[26-May-2026 09:50:31 UTC] My Learning Plugin initialized
[26-May-2026 09:50:41 UTC] My Learning Plugin initialized
[26-May-2026 09:50:51 UTC] My Learning Plugin initialized
[26-May-2026 09:51:11 UTC] My Learning Plugin initialized
[26-May-2026 09:52:52 UTC] My Learning Plugin initialized
[26-May-2026 09:53:02 UTC] My Learning Plugin initialized
[26-May-2026 09:53:03 UTC] My Learning Plugin initialized
[26-May-2026 09:53:06 UTC] My Learning Plugin initialized
[26-May-2026 09:53:07 UTC] My Learning Plugin initialized
[26-May-2026 09:53:07 UTC] My Learning Plugin initialized
[26-May-2026 09:53:08 UTC] My Learning Plugin initialized
[26-May-2026 09:53:09 UTC] My Learning Plugin initialized
[26-May-2026 09:53:19 UTC] My Learning Plugin initialized
[26-May-2026 09:53:29 UTC] My Learning Plugin initialized
[26-May-2026 09:53:39 UTC] My Learning Plugin initialized
[26-May-2026 09:53:49 UTC] My Learning Plugin initialized
[26-May-2026 09:53:59 UTC] My Learning Plugin initialized
[26-May-2026 09:54:04 UTC] My Learning Plugin initialized
[26-May-2026 09:54:05 UTC] My Learning Plugin initialized
[26-May-2026 09:54:05 UTC] My Learning Plugin initialized
[26-May-2026 09:54:05 UTC] My Learning Plugin initialized
[26-May-2026 09:54:05 UTC] My Learning Plugin initialized
[26-May-2026 09:54:05 UTC] My Learning Plugin initialized
[26-May-2026 09:54:14 UTC] My Learning Plugin initialized
[26-May-2026 09:54:24 UTC] My Learning Plugin initialized
[26-May-2026 09:54:34 UTC] My Learning Plugin initialized
[26-May-2026 09:54:44 UTC] My Learning Plugin initialized
[26-May-2026 09:54:54 UTC] My Learning Plugin initialized
[26-May-2026 09:56:28 UTC] My Learning Plugin initialized
[26-May-2026 09:56:38 UTC] My Learning Plugin initialized
[26-May-2026 09:56:43 UTC] My Learning Plugin initialized
[26-May-2026 09:56:44 UTC] My Learning Plugin initialized
[26-May-2026 09:56:48 UTC] My Learning Plugin initialized
[26-May-2026 09:56:58 UTC] My Learning Plugin initialized
[26-May-2026 09:58:58 UTC] My Learning Plugin initialized
[26-May-2026 09:59:08 UTC] My Learning Plugin initialized
[26-May-2026 09:59:19 UTC] My Learning Plugin initialized
[26-May-2026 10:01:00 UTC] My Learning Plugin initialized
[26-May-2026 10:01:04 UTC] My Learning Plugin initialized
[26-May-2026 10:01:04 UTC] My Learning Plugin initialized
[26-May-2026 10:01:04 UTC] My Learning Plugin initialized
[26-May-2026 10:01:06 UTC] My Learning Plugin initialized
[26-May-2026 10:01:08 UTC] My Learning Plugin initialized
[26-May-2026 10:01:08 UTC] My Learning Plugin initialized
[26-May-2026 10:01:09 UTC] My Learning Plugin initialized
[26-May-2026 10:01:10 UTC] My Learning Plugin initialized
[26-May-2026 10:01:10 UTC] My Learning Plugin initialized
[26-May-2026 10:01:10 UTC] My Learning Plugin initialized
[26-May-2026 10:01:10 UTC] My Learning Plugin initialized
[26-May-2026 10:01:10 UTC] My Learning Plugin initialized
[26-May-2026 10:01:10 UTC] My Learning Plugin initialized
[26-May-2026 10:01:10 UTC] My Learning Plugin initialized
[26-May-2026 10:01:11 UTC] My Learning Plugin initialized
[26-May-2026 10:01:20 UTC] My Learning Plugin initialized
[26-May-2026 10:01:30 UTC] My Learning Plugin initialized
[26-May-2026 10:01:40 UTC] My Learning Plugin initialized
[26-May-2026 10:01:50 UTC] My Learning Plugin initialized
[26-May-2026 10:01:59 UTC] My Learning Plugin initialized
[26-May-2026 10:02:00 UTC] My Learning Plugin initialized
[26-May-2026 10:02:10 UTC] My Learning Plugin initialized
[26-May-2026 10:02:10 UTC] My Learning Plugin initialized
[26-May-2026 10:02:20 UTC] My Learning Plugin initialized
[26-May-2026 10:02:29 UTC] My Learning Plugin initialized
[26-May-2026 10:02:30 UTC] My Learning Plugin initialized
[26-May-2026 10:02:31 UTC] My Learning Plugin initialized
[26-May-2026 10:02:31 UTC] My Learning Plugin initialized
[26-May-2026 10:02:31 UTC] My Learning Plugin initialized
[26-May-2026 10:02:31 UTC] My Learning Plugin initialized
[26-May-2026 10:02:40 UTC] My Learning Plugin initialized
[26-May-2026 10:02:49 UTC] My Learning Plugin initialized
[26-May-2026 10:02:51 UTC] My Learning Plugin initialized
[26-May-2026 10:02:51 UTC] My Learning Plugin initialized
[26-May-2026 10:02:51 UTC] My Learning Plugin initialized
[26-May-2026 10:02:53 UTC] My Learning Plugin initialized
[26-May-2026 10:02:53 UTC] My Learning Plugin initialized
[26-May-2026 10:02:53 UTC] My Learning Plugin initialized
[26-May-2026 10:02:53 UTC] My Learning Plugin initialized
[26-May-2026 10:02:53 UTC] My Learning Plugin initialized
[26-May-2026 10:02:53 UTC] My Learning Plugin initialized
[26-May-2026 10:02:58 UTC] My Learning Plugin initialized
[26-May-2026 10:03:02 UTC] My Learning Plugin initialized
[26-May-2026 10:03:04 UTC] My Learning Plugin initialized
[26-May-2026 10:03:16 UTC] My Learning Plugin initialized
[26-May-2026 10:03:20 UTC] My Learning Plugin initialized
[26-May-2026 10:03:20 UTC] My Learning Plugin initialized
[26-May-2026 10:03:21 UTC] My Learning Plugin initialized
[26-May-2026 10:03:22 UTC] My Learning Plugin initialized
[26-May-2026 10:03:23 UTC] My Learning Plugin initialized
[26-May-2026 10:03:23 UTC] My Learning Plugin initialized
[26-May-2026 10:03:23 UTC] My Learning Plugin initialized
[26-May-2026 10:03:23 UTC] My Learning Plugin initialized
[26-May-2026 10:03:23 UTC] My Learning Plugin initialized
[26-May-2026 10:03:23 UTC] My Learning Plugin initialized
[26-May-2026 10:03:23 UTC] My Learning Plugin initialized
[26-May-2026 10:03:24 UTC] My Learning Plugin initialized
[26-May-2026 10:03:33 UTC] My Learning Plugin initialized
[26-May-2026 10:03:43 UTC] My Learning Plugin initialized
[26-May-2026 10:03:53 UTC] My Learning Plugin initialized
[26-May-2026 10:04:03 UTC] My Learning Plugin initialized
[26-May-2026 10:04:13 UTC] My Learning Plugin initialized
[26-May-2026 10:04:20 UTC] My Learning Plugin initialized
[26-May-2026 10:04:21 UTC] My Learning Plugin initialized
[26-May-2026 10:04:21 UTC] My Learning Plugin initialized
[26-May-2026 10:04:21 UTC] My Learning Plugin initialized
[26-May-2026 10:04:21 UTC] My Learning Plugin initialized
[26-May-2026 10:04:23 UTC] My Learning Plugin initialized
[26-May-2026 10:04:24 UTC] My Learning Plugin initialized
[26-May-2026 10:04:24 UTC] My Learning Plugin initialized
[26-May-2026 10:04:25 UTC] My Learning Plugin initialized
[26-May-2026 10:04:25 UTC] My Learning Plugin initialized
[26-May-2026 10:04:25 UTC] My Learning Plugin initialized
[26-May-2026 10:04:25 UTC] My Learning Plugin initialized
[26-May-2026 10:04:25 UTC] My Learning Plugin initialized
[26-May-2026 10:04:25 UTC] My Learning Plugin initialized
[26-May-2026 10:04:25 UTC] My Learning Plugin initialized
[26-May-2026 10:04:35 UTC] My Learning Plugin initialized
[26-May-2026 10:05:24 UTC] My Learning Plugin initialized
[26-May-2026 10:05:25 UTC] My Learning Plugin initialized
[26-May-2026 10:05:25 UTC] My Learning Plugin initialized
[26-May-2026 10:05:34 UTC] My Learning Plugin initialized
[26-May-2026 10:05:44 UTC] My Learning Plugin initialized
[26-May-2026 10:05:54 UTC] My Learning Plugin initialized
[26-May-2026 10:06:00 UTC] My Learning Plugin initialized
[26-May-2026 10:06:01 UTC] My Learning Plugin initialized
[26-May-2026 10:06:01 UTC] My Learning Plugin initialized
[26-May-2026 10:06:01 UTC] My Learning Plugin initialized
[26-May-2026 10:06:01 UTC] My Learning Plugin initialized
[26-May-2026 10:06:04 UTC] My Learning Plugin initialized
[26-May-2026 10:06:12 UTC] My Learning Plugin initialized
[26-May-2026 10:06:14 UTC] My Learning Plugin initialized
[26-May-2026 10:06:24 UTC] My Learning Plugin initialized
[26-May-2026 10:06:25 UTC] My Learning Plugin initialized
[26-May-2026 10:06:25 UTC] My Learning Plugin initialized
[26-May-2026 10:06:25 UTC] My Learning Plugin initialized
[26-May-2026 10:06:25 UTC] My Learning Plugin initialized
[26-May-2026 10:06:25 UTC] My Learning Plugin initialized
[26-May-2026 10:06:25 UTC] My Learning Plugin initialized
[26-May-2026 10:06:25 UTC] My Learning Plugin initialized
[26-May-2026 10:06:25 UTC] My Learning Plugin initialized
[26-May-2026 10:06:25 UTC] My Learning Plugin initialized
[26-May-2026 10:06:26 UTC] My Learning Plugin initialized
[26-May-2026 10:06:35 UTC] My Learning Plugin initialized
[26-May-2026 10:06:45 UTC] My Learning Plugin initialized
[26-May-2026 10:06:55 UTC] My Learning Plugin initialized
[26-May-2026 10:06:57 UTC] My Learning Plugin initialized
[26-May-2026 10:06:58 UTC] My Learning Plugin initialized
[26-May-2026 10:06:58 UTC] My Learning Plugin initialized
[26-May-2026 10:06:58 UTC] My Learning Plugin initialized
[26-May-2026 10:06:59 UTC] My Learning Plugin initialized
[26-May-2026 10:07:04 UTC] My Learning Plugin initialized
[26-May-2026 10:07:06 UTC] My Learning Plugin initialized
[26-May-2026 10:09:07 UTC] My Learning Plugin initialized
[26-May-2026 10:11:08 UTC] My Learning Plugin initialized
[26-May-2026 10:13:09 UTC] My Learning Plugin initialized
[26-May-2026 10:13:09 UTC] My Learning Plugin initialized
[26-May-2026 10:15:10 UTC] My Learning Plugin initialized
[26-May-2026 10:17:11 UTC] My Learning Plugin initialized
[26-May-2026 10:17:35 UTC] My Learning Plugin initialized
[26-May-2026 10:17:36 UTC] My Learning Plugin initialized
[26-May-2026 10:17:36 UTC] My Learning Plugin initialized
[26-May-2026 10:17:37 UTC] My Learning Plugin initialized
[26-May-2026 10:17:38 UTC] My Learning Plugin initialized
[26-May-2026 10:17:38 UTC] My Learning Plugin initialized
[26-May-2026 10:17:41 UTC] My Learning Plugin initialized
[26-May-2026 10:17:41 UTC] My Learning Plugin initialized
[26-May-2026 10:17:41 UTC] My Learning Plugin initialized
[26-May-2026 10:17:41 UTC] My Learning Plugin initialized
[26-May-2026 10:17:41 UTC] My Learning Plugin initialized
[26-May-2026 10:17:41 UTC] My Learning Plugin initialized
[26-May-2026 10:17:41 UTC] My Learning Plugin initialized
[26-May-2026 10:17:41 UTC] My Learning Plugin initialized
[26-May-2026 10:17:41 UTC] My Learning Plugin initialized
[26-May-2026 10:17:42 UTC] My Learning Plugin initialized
[26-May-2026 10:17:42 UTC] My Learning Plugin initialized
[26-May-2026 10:17:42 UTC] My Learning Plugin initialized
[26-May-2026 10:17:42 UTC] My Learning Plugin initialized
[26-May-2026 10:17:42 UTC] My Learning Plugin initialized
[26-May-2026 10:17:42 UTC] My Learning Plugin initialized
[26-May-2026 10:17:42 UTC] My Learning Plugin initialized
[26-May-2026 10:17:42 UTC] My Learning Plugin initialized
[26-May-2026 10:17:42 UTC] My Learning Plugin initialized
[26-May-2026 10:17:45 UTC] My Learning Plugin initialized
[26-May-2026 10:17:51 UTC] My Learning Plugin initialized
[26-May-2026 10:17:54 UTC] My Learning Plugin initialized
[26-May-2026 10:18:01 UTC] My Learning Plugin initialized
[26-May-2026 10:18:08 UTC] My Learning Plugin initialized
[26-May-2026 10:18:08 UTC] My Learning Plugin initialized
[26-May-2026 10:18:09 UTC] My Learning Plugin initialized
[26-May-2026 10:18:11 UTC] My Learning Plugin initialized
[26-May-2026 10:18:22 UTC] My Learning Plugin initialized
[26-May-2026 10:18:26 UTC] My Learning Plugin initialized
[26-May-2026 10:18:35 UTC] My Learning Plugin initialized
[26-May-2026 10:18:47 UTC] My Learning Plugin initialized
